0 info it worked if it ends with ok
1 verbose cli [ 'node', '/usr/bin/npm', 'install', '-g', 'bower' ]
2 info using npm@2.0.0
3 info using node@v0.10.29
4 verbose node symlink /usr/bin/node
5 verbose cache add [ 'bower', null ]
6 verbose cache add spec="bower" args=["bower",null]
7 verbose parsed spec { raw: 'bower',
7 verbose parsed spec   scope: null,
7 verbose parsed spec   name: 'bower',
7 verbose parsed spec   rawSpec: '',
7 verbose parsed spec   spec: '*',
7 verbose parsed spec   type: 'range' }
8 verbose parsed spec { raw: 'bower',
8 verbose parsed spec   scope: null,
8 verbose parsed spec   name: 'bower',
8 verbose parsed spec   rawSpec: '',
8 verbose parsed spec   spec: '*',
8 verbose parsed spec   type: 'range' }
9 verbose addNamed [ 'bower', '*' ]
10 verbose addNamed [ null, '*' ]
11 silly lockFile b788227f-bower bower@*
12 verbose lock bower@* /home/torto/.npm/b788227f-bower.lock
13 silly addNameRange { name: 'bower', range: '*', hasData: false }
14 verbose mapToRegistry name bower
15 verbose mapToRegistry uri https://registry.npmjs.org/bower
16 verbose request on initialization, where is /bower
17 verbose request after pass 1, where is /bower
18 verbose request url raw /bower
19 verbose request resolving registry [ 'https://registry.npmjs.org/', './bower' ]
20 verbose request after pass 2, where is https://registry.npmjs.org/bower
21 verbose request no auth needed
22 info attempt registry request try #1 at 19:23:14
23 verbose request id df4c49fb1230a742
24 http request GET https://registry.npmjs.org/bower
25 http 200 https://registry.npmjs.org/bower
26 silly registry.get cb [ 200,
26 silly registry.get   { date: 'Wed, 08 Oct 2014 22:23:15 GMT',
26 silly registry.get     server: 'CouchDB/1.5.0 (Erlang OTP/R16B03)',
26 silly registry.get     etag: '"BNEPXH85JRVX0PTJ3Z7BEQ39Y"',
26 silly registry.get     'content-type': 'application/json',
26 silly registry.get     'cache-control': 'max-age=60',
26 silly registry.get     'content-length': '105292',
26 silly registry.get     'accept-ranges': 'bytes',
26 silly registry.get     via: '1.1 varnish',
26 silly registry.get     age: '952',
26 silly registry.get     'x-served-by': 'cache-atl6227-ATL',
26 silly registry.get     'x-cache': 'HIT',
26 silly registry.get     'x-cache-hits': '1',
26 silly registry.get     'x-timer': 'S1412806995.921628,VS0,VE1',
26 silly registry.get     vary: 'Accept',
26 silly registry.get     'keep-alive': 'timeout=10, max=50',
26 silly registry.get     connection: 'Keep-Alive' } ]
27 silly addNameRange number 2 { name: 'bower', range: '*', hasData: true }
28 silly addNameRange versions [ 'bower',
28 silly addNameRange   [ '0.1.0',
28 silly addNameRange     '0.1.2',
28 silly addNameRange     '0.1.3',
28 silly addNameRange     '0.2.0',
28 silly addNameRange     '0.3.0',
28 silly addNameRange     '0.3.1',
28 silly addNameRange     '0.3.2',
28 silly addNameRange     '0.4.0',
28 silly addNameRange     '0.5.0',
28 silly addNameRange     '0.5.1',
28 silly addNameRange     '0.6.0',
28 silly addNameRange     '0.6.1',
28 silly addNameRange     '0.6.2',
28 silly addNameRange     '0.6.3',
28 silly addNameRange     '0.6.4',
28 silly addNameRange     '0.6.5',
28 silly addNameRange     '0.6.6',
28 silly addNameRange     '0.6.7',
28 silly addNameRange     '0.6.8',
28 silly addNameRange     '0.7.0',
28 silly addNameRange     '0.7.1',
28 silly addNameRange     '0.8.0',
28 silly addNameRange     '0.8.1',
28 silly addNameRange     '0.8.2',
28 silly addNameRange     '0.8.3',
28 silly addNameRange     '0.8.4',
28 silly addNameRange     '0.8.5',
28 silly addNameRange     '0.8.6',
28 silly addNameRange     '0.9.0',
28 silly addNameRange     '0.9.1',
28 silly addNameRange     '0.9.2',
28 silly addNameRange     '0.10.0',
28 silly addNameRange     '1.0.0',
28 silly addNameRange     '1.0.1',
28 silly addNameRange     '1.0.2',
28 silly addNameRange     '1.0.3',
28 silly addNameRange     '1.1.0',
28 silly addNameRange     '1.1.1',
28 silly addNameRange     '1.1.2',
28 silly addNameRange     '1.2.0',
28 silly addNameRange     '1.2.1',
28 silly addNameRange     '1.2.2',
28 silly addNameRange     '1.2.3',
28 silly addNameRange     '1.2.4',
28 silly addNameRange     '1.2.5',
28 silly addNameRange     '1.2.6',
28 silly addNameRange     '1.2.7',
28 silly addNameRange     '1.2.8',
28 silly addNameRange     '1.3.0',
28 silly addNameRange     '1.3.1',
28 silly addNameRange     '1.3.2',
28 silly addNameRange     '1.3.3',
28 silly addNameRange     '1.3.4',
28 silly addNameRange     '1.3.5',
28 silly addNameRange     '1.3.6',
28 silly addNameRange     '1.3.7',
28 silly addNameRange     '1.3.8',
28 silly addNameRange     '1.3.9',
28 silly addNameRange     '1.3.10',
28 silly addNameRange     '1.3.11',
28 silly addNameRange     '1.3.12' ] ]
29 verbose addNamed [ 'bower', '1.3.12' ]
30 verbose addNamed [ '1.3.12', '1.3.12' ]
31 silly lockFile 9819431c-bower-1-3-12 bower@1.3.12
32 verbose lock bower@1.3.12 /home/torto/.npm/9819431c-bower-1-3-12.lock
33 silly lockFile b05fd70b-npmjs-org-bower-bower-1-3-12-tgz https://registry.npmjs.org/bower/-/bower-1.3.12.tgz
34 verbose lock https://registry.npmjs.org/bower/-/bower-1.3.12.tgz /home/torto/.npm/b05fd70b-npmjs-org-bower-bower-1-3-12-tgz.lock
35 verbose addRemoteTarball [ 'https://registry.npmjs.org/bower/-/bower-1.3.12.tgz',
35 verbose addRemoteTarball   '37de0edb3904baf90aee13384a1a379a05ee214c' ]
36 info retry fetch attempt 1 at 19:23:17
37 info attempt registry request try #1 at 19:23:17
38 http fetch GET https://registry.npmjs.org/bower/-/bower-1.3.12.tgz
39 http fetch 200 https://registry.npmjs.org/bower/-/bower-1.3.12.tgz
40 silly fetchAndShaCheck shasum 37de0edb3904baf90aee13384a1a379a05ee214c
41 silly lockFile b05fd70b-npmjs-org-bower-bower-1-3-12-tgz https://registry.npmjs.org/bower/-/bower-1.3.12.tgz
42 silly lockFile b05fd70b-npmjs-org-bower-bower-1-3-12-tgz https://registry.npmjs.org/bower/-/bower-1.3.12.tgz
43 silly lockFile 9819431c-bower-1-3-12 bower@1.3.12
44 silly lockFile 9819431c-bower-1-3-12 bower@1.3.12
45 silly lockFile b788227f-bower bower@*
46 silly lockFile b788227f-bower bower@*
47 silly resolved [ { name: 'bower',
47 silly resolved     version: '1.3.12',
47 silly resolved     description: 'The browser package manager',
47 silly resolved     author: { name: 'Twitter' },
47 silly resolved     licenses: [ [Object] ],
47 silly resolved     repository: { type: 'git', url: 'https://github.com/bower/bower' },
47 silly resolved     main: 'lib',
47 silly resolved     homepage: 'http://bower.io',
47 silly resolved     engines: { node: '>=0.10.0' },
47 silly resolved     dependencies:
47 silly resolved      { abbrev: '~1.0.4',
47 silly resolved        archy: '0.0.2',
47 silly resolved        'bower-config': '~0.5.2',
47 silly resolved        'bower-endpoint-parser': '~0.2.2',
47 silly resolved        'bower-json': '~0.4.0',
47 silly resolved        'bower-logger': '~0.2.2',
47 silly resolved        'bower-registry-client': '~0.2.0',
47 silly resolved        cardinal: '0.4.0',
47 silly resolved        chalk: '0.5.0',
47 silly resolved        chmodr: '0.1.0',
47 silly resolved        'decompress-zip': '0.0.8',
47 silly resolved        fstream: '~1.0.2',
47 silly resolved        'fstream-ignore': '~1.0.1',
47 silly resolved        glob: '~4.0.2',
47 silly resolved        'graceful-fs': '~3.0.1',
47 silly resolved        handlebars: '~2.0.0',
47 silly resolved        inquirer: '0.7.1',
47 silly resolved        insight: '0.4.3',
47 silly resolved        'is-root': '~1.0.0',
47 silly resolved        junk: '~1.0.0',
47 silly resolved        lockfile: '~1.0.0',
47 silly resolved        'lru-cache': '~2.5.0',
47 silly resolved        mkdirp: '0.5.0',
47 silly resolved        mout: '~0.9.0',
47 silly resolved        nopt: '~3.0.0',
47 silly resolved        opn: '~1.0.0',
47 silly resolved        osenv: '0.1.0',
47 silly resolved        'p-throttler': '0.1.0',
47 silly resolved        promptly: '0.2.0',
47 silly resolved        q: '~1.0.1',
47 silly resolved        request: '~2.42.0',
47 silly resolved        'request-progress': '0.3.0',
47 silly resolved        retry: '0.6.0',
47 silly resolved        rimraf: '~2.2.0',
47 silly resolved        semver: '~2.3.0',
47 silly resolved        'shell-quote': '~1.4.1',
47 silly resolved        'stringify-object': '~1.0.0',
47 silly resolved        'tar-fs': '0.5.2',
47 silly resolved        tmp: '0.0.23',
47 silly resolved        'update-notifier': '0.2.0',
47 silly resolved        which: '~1.0.5' },
47 silly resolved     devDependencies:
47 silly resolved      { coveralls: '~2.11.0',
47 silly resolved        'expect.js': '~0.3.1',
47 silly resolved        grunt: '~0.4.4',
47 silly resolved        'grunt-cli': '^0.1.13',
47 silly resolved        'grunt-contrib-jshint': '~0.10.0',
47 silly resolved        'grunt-contrib-watch': '~0.6.1',
47 silly resolved        'grunt-exec': '~0.4.2',
47 silly resolved        'grunt-simple-mocha': '~0.4.0',
47 silly resolved        istanbul: '~0.3.2',
47 silly resolved        'load-grunt-tasks': '~0.6.0',
47 silly resolved        mocha: '~1.21.4',
47 silly resolved        nock: '~0.46.0',
47 silly resolved        'node-uuid': '~1.4.1',
47 silly resolved        proxyquire: '~1.0.1' },
47 silly resolved     scripts: { test: 'grunt test' },
47 silly resolved     bin: { bower: 'bin/bower' },
47 silly resolved     preferGlobal: true,
47 silly resolved     gitHead: 'b26c072f0db054a1902ec4d2e3726dbf8a1c799a',
47 silly resolved     bugs: { url: 'https://github.com/bower/bower/issues' },
47 silly resolved     _id: 'bower@1.3.12',
47 silly resolved     _shasum: '37de0edb3904baf90aee13384a1a379a05ee214c',
47 silly resolved     _from: 'bower@*',
47 silly resolved     _npmVersion: '2.0.0',
47 silly resolved     _npmUser: { name: 'sheerun', email: 'sheerun@sher.pl' },
47 silly resolved     maintainers: [ [Object], [Object], [Object], [Object], [Object], [Object] ],
47 silly resolved     dist:
47 silly resolved      { shasum: '37de0edb3904baf90aee13384a1a379a05ee214c',
47 silly resolved        tarball: 'http://registry.npmjs.org/bower/-/bower-1.3.12.tgz' },
47 silly resolved     directories: {},
47 silly resolved     _resolved: 'https://registry.npmjs.org/bower/-/bower-1.3.12.tgz' } ]
48 info install bower@1.3.12 into /usr/lib
49 info installOne bower@1.3.12
50 verbose lib/node_modules/bower unbuild
51 verbose gentlyRm vacuuming /usr/lib/node_modules/bower
52 verbose tar unpack /home/torto/.npm/bower/1.3.12/package.tgz
53 silly lockFile 6f53a3f9-tar-usr-lib-node-modules-bower tar:///usr/lib/node_modules/bower
54 verbose lock tar:///usr/lib/node_modules/bower /home/torto/.npm/6f53a3f9-tar-usr-lib-node-modules-bower.lock
55 silly lockFile b197f72e-rto-npm-bower-1-3-12-package-tgz tar:///home/torto/.npm/bower/1.3.12/package.tgz
56 verbose lock tar:///home/torto/.npm/bower/1.3.12/package.tgz /home/torto/.npm/b197f72e-rto-npm-bower-1-3-12-package-tgz.lock
57 verbose gentlyRm vacuuming /usr/lib/node_modules/bower
58 silly gunzTarPerm modes [ '755', '644' ]
59 verbose fstream_path /usr/lib/node_modules/bower
60 verbose fstream_type Directory
61 verbose fstream_class DirWriter
62 verbose stack Error: EACCES, mkdir '/usr/lib/node_modules/bower'
63 verbose fstream_stack /usr/lib/node_modules/npm/node_modules/fstream/lib/dir-writer.js:36:23
63 verbose fstream_stack /usr/lib/node_modules/npm/node_modules/mkdirp/index.js:46:53
63 verbose fstream_stack Object.oncomplete (fs.js:107:15)
64 verbose cwd /home/torto/aa/arrecadamais
65 error Linux 3.14-2-amd64
66 error argv "node" "/usr/bin/npm" "install" "-g" "bower"
67 error node v0.10.29
68 error npm  v2.0.0
69 error path /usr/lib/node_modules/bower
70 error code EACCES
71 error errno 3
72 error Error: EACCES, mkdir '/usr/lib/node_modules/bower'
72 error  { [Error: EACCES, mkdir '/usr/lib/node_modules/bower']
72 error   errno: 3,
72 error   code: 'EACCES',
72 error   path: '/usr/lib/node_modules/bower',
72 error   fstream_type: 'Directory',
72 error   fstream_path: '/usr/lib/node_modules/bower',
72 error   fstream_class: 'DirWriter',
72 error   fstream_stack:
72 error    [ '/usr/lib/node_modules/npm/node_modules/fstream/lib/dir-writer.js:36:23',
72 error      '/usr/lib/node_modules/npm/node_modules/mkdirp/index.js:46:53',
72 error      'Object.oncomplete (fs.js:107:15)' ] }
73 error Please try running this command again as root/Administrator.
74 verbose exit [ 3, true ]
